# JRE version: Java(TM) SE Runtime Environment (8.0_111-b14) (build 1.8.0_111-b14)
# Java VM: Java HotSpot(TM) 64-Bit Server VM (25.111-b14 mixed mode bsd-amd64 compressed oops)
Heap:
 PSYoungGen      total 76288K, used 63945K [0x000000076ab00000, 0x0000000770000000, 0x00000007c0000000)
  eden space 65536K, 97% used [0x000000076ab00000,0x000000076e972478,0x000000076eb00000)
  from space 10752K, 0% used [0x000000076f580000,0x000000076f580000,0x0000000770000000)
  to   space 10752K, 0% used [0x000000076eb00000,0x000000076eb00000,0x000000076f580000)
 ParOldGen       total 151040K, used 27992K [0x00000006c0000000, 0x00000006c9380000, 0x000000076ab00000)
  object space 151040K, 18% used [0x00000006c0000000,0x00000006c1b560c8,0x00000006c9380000)
 Metaspace       used 26226K, capacity 27148K, committed 27264K, reserved 1073152K
  class space    used 3455K, capacity 3695K, committed 3712K, reserved 1048576K
GC Heap History (6 events):
Event: 2.130 GC heap before
{Heap before GC invocations=1 (full 0):
 PSYoungGen      total 76288K, used 64335K [0x000000076ab00000, 0x0000000770000000, 0x00000007c0000000)
  eden space 65536K, 98% used [0x000000076ab00000,0x000000076e9d3f40,0x000000076eb00000)
  from space 10752K, 0% used [0x000000076f580000,0x000000076f580000,0x0000000770000000)
  to   space 10752K, 0% used [0x000000076eb00000,0x000000076eb00000,0x000000076f580000)
 ParOldGen       total 175104K, used 0K [0x00000006c0000000, 0x00000006cab00000, 0x000000076ab00000)
  object space 175104K, 0% used [0x00000006c0000000,0x00000006c0000000,0x00000006cab00000)
 Metaspace       used 14711K, capacity 15264K, committed 15488K, reserved 1062912K
  class space    used 1989K, capacity 2146K, committed 2176K, reserved 1048576K
Event: 2.139 GC heap after
Heap after GC invocations=1 (full 0):
 PSYoungGen      total 76288K, used 10726K [0x000000076ab00000, 0x0000000770000000, 0x00000007c0000000)
  eden space 65536K, 0% used [0x000000076ab00000,0x000000076ab00000,0x000000076eb00000)
  from space 10752K, 99% used [0x000000076eb00000,0x000000076f5799e0,0x000000076f580000)
  to   space 10752K, 0% used [0x000000076f580000,0x000000076f580000,0x0000000770000000)
 ParOldGen       total 175104K, used 7695K [0x00000006c0000000, 0x00000006cab00000, 0x000000076ab00000)
  object space 175104K, 4% used [0x00000006c0000000,0x00000006c0783d60,0x00000006cab00000)
 Metaspace       used 14711K, capacity 15264K, committed 15488K, reserved 1062912K
  class space    used 1989K, capacity 2146K, committed 2176K, reserved 1048576K
}
Event: 4.173 GC heap before
{Heap before GC invocations=2 (full 0):
 PSYoungGen      total 76288K, used 73207K [0x000000076ab00000, 0x0000000770000000, 0x00000007c0000000)
  eden space 65536K, 95% used [0x000000076ab00000,0x000000076e804248,0x000000076eb00000)
  from space 10752K, 99% used [0x000000076eb00000,0x000000076f5799e0,0x000000076f580000)
  to   space 10752K, 0% used [0x000000076f580000,0x000000076f580000,0x0000000770000000)
 ParOldGen       total 175104K, used 7695K [0x00000006c0000000, 0x00000006cab00000, 0x000000076ab00000)
  object space 175104K, 4% used [0x00000006c0000000,0x00000006c0783d60,0x00000006cab00000)
 Metaspace       used 20310K, capacity 21080K, committed 21296K, reserved 1067008K
  class space    used 2739K, capacity 2933K, committed 2944K, reserved 1048576K
Event: 4.186 GC heap after
Heap after GC invocations=2 (full 0):
 PSYoungGen      total 76288K, used 10726K [0x000000076ab00000, 0x0000000770000000, 0x00000007c0000000)
  eden space 65536K, 0% used [0x000000076ab00000,0x000000076ab00000,0x000000076eb00000)
  from space 10752K, 99% used [0x000000076f580000,0x000000076fff99e0,0x0000000770000000)
  to   space 10752K, 0% used [0x000000076eb00000,0x000000076eb00000,0x000000076f580000)
 ParOldGen       total 175104K, used 27732K [0x00000006c0000000, 0x00000006cab00000, 0x000000076ab00000)
  object space 175104K, 15% used [0x00000006c0000000,0x00000006c1b152b0,0x00000006cab00000)
 Metaspace       used 20310K, capacity 21080K, committed 21296K, reserved 1067008K
  class space    used 2739K, capacity 2933K, committed 2944K, reserved 1048576K
}
Event: 4.186 GC heap before
{Heap before GC invocations=3 (full 1):
 PSYoungGen      total 76288K, used 10726K [0x000000076ab00000, 0x0000000770000000, 0x00000007c0000000)
  eden space 65536K, 0% used [0x000000076ab00000,0x000000076ab00000,0x000000076eb00000)
  from space 10752K, 99% used [0x000000076f580000,0x000000076fff99e0,0x0000000770000000)
  to   space 10752K, 0% used [0x000000076eb00000,0x000000076eb00000,0x000000076f580000)
 ParOldGen       total 175104K, used 27732K [0x00000006c0000000, 0x00000006cab00000, 0x000000076ab00000)
  object space 175104K, 15% used [0x00000006c0000000,0x00000006c1b152b0,0x00000006cab00000)
 Metaspace       used 20310K, capacity 21080K, committed 21296K, reserved 1067008K
  class space    used 2739K, capacity 2933K, committed 2944K, reserved 1048576K
Event: 4.209 GC heap after
Heap after GC invocations=3 (full 1):
 PSYoungGen      total 76288K, used 0K [0x000000076ab00000, 0x0000000770000000, 0x00000007c0000000)
  eden space 65536K, 0% used [0x000000076ab00000,0x000000076ab00000,0x000000076eb00000)
  from space 10752K, 0% used [0x000000076f580000,0x000000076f580000,0x0000000770000000)
  to   space 10752K, 0% used [0x000000076eb00000,0x000000076eb00000,0x000000076f580000)
 ParOldGen       total 151040K, used 27992K [0x00000006c0000000, 0x00000006c9380000, 0x000000076ab00000)
  object space 151040K, 18% used [0x00000006c0000000,0x00000006c1b560c8,0x00000006c9380000)
 Metaspace       used 20310K, capacity 21080K, committed 21296K, reserved 1067008K
  class space    used 2739K, capacity 2933K, committed 2944K, reserved 1048576K
}

